E, [2017-07-24T12:56:14.545374 #1446] ERROR -- : Actor crashed!
Errno::EADDRINUSE: Address already in use - bind(2) for "0.0.0.0" port 44577
	/home/bogdan.rada/.rvm/gems/ruby-2.4.1@celluloid_pubsub/gems/celluloid-io-0.17.3/lib/celluloid/io/tcp_server.rb:30:in `initialize'
	/home/bogdan.rada/.rvm/gems/ruby-2.4.1@celluloid_pubsub/gems/celluloid-io-0.17.3/lib/celluloid/io/tcp_server.rb:30:in `new'
	/home/bogdan.rada/.rvm/gems/ruby-2.4.1@celluloid_pubsub/gems/celluloid-io-0.17.3/lib/celluloid/io/tcp_server.rb:30:in `initialize'
	/home/bogdan.rada/.rvm/gems/ruby-2.4.1@celluloid_pubsub/gems/celluloid-io-0.17.3/lib/celluloid/io/socket.rb:39:in `new'
	/home/bogdan.rada/.rvm/gems/ruby-2.4.1@celluloid_pubsub/gems/celluloid-io-0.17.3/lib/celluloid/io/socket.rb:39:in `new'
	/home/bogdan.rada/.rvm/gems/ruby-2.4.1@celluloid_pubsub/gems/reel-0.6.1/lib/reel/server/https.rb:41:in `initialize'
	/home/bogdan.rada/workspace/gity/celluloid_pubsub/lib/celluloid_pubsub/servers/https.rb:39:in `initialize'
	/home/bogdan.rada/.rvm/gems/ruby-2.4.1@celluloid_pubsub/gems/celluloid-0.17.3/lib/celluloid/calls.rb:28:in `public_send'
	/home/bogdan.rada/.rvm/gems/ruby-2.4.1@celluloid_pubsub/gems/celluloid-0.17.3/lib/celluloid/calls.rb:28:in `dispatch'
	/home/bogdan.rada/.rvm/gems/ruby-2.4.1@celluloid_pubsub/gems/celluloid-0.17.3/lib/celluloid/call/sync.rb:16:in `dispatch'
	/home/bogdan.rada/.rvm/gems/ruby-2.4.1@celluloid_pubsub/gems/celluloid-0.17.3/lib/celluloid/cell.rb:50:in `block in dispatch'
	/home/bogdan.rada/.rvm/gems/ruby-2.4.1@celluloid_pubsub/gems/celluloid-0.17.3/lib/celluloid/cell.rb:76:in `block in task'
	/home/bogdan.rada/.rvm/gems/ruby-2.4.1@celluloid_pubsub/gems/celluloid-0.17.3/lib/celluloid/actor.rb:339:in `block in task'
	/home/bogdan.rada/.rvm/gems/ruby-2.4.1@celluloid_pubsub/gems/celluloid-0.17.3/lib/celluloid/task.rb:44:in `block in initialize'
	/home/bogdan.rada/.rvm/gems/ruby-2.4.1@celluloid_pubsub/gems/celluloid-0.17.3/lib/celluloid/task/fibered.rb:14:in `block in create'
E, [2017-07-24T12:56:14.545485 #1446] ERROR -- : Error ( Errno::EADDRINUSE ) at start of supervised instance of CelluloidPubsub::Server::HTTPS
E, [2017-07-24T12:56:14.545555 #1446] ERROR -- : Actor crashed!
Errno::EADDRINUSE: Address already in use - bind(2) for "0.0.0.0" port 44577
	/home/bogdan.rada/.rvm/gems/ruby-2.4.1@celluloid_pubsub/gems/celluloid-io-0.17.3/lib/celluloid/io/tcp_server.rb:30:in `initialize'
	/home/bogdan.rada/.rvm/gems/ruby-2.4.1@celluloid_pubsub/gems/celluloid-io-0.17.3/lib/celluloid/io/tcp_server.rb:30:in `new'
	/home/bogdan.rada/.rvm/gems/ruby-2.4.1@celluloid_pubsub/gems/celluloid-io-0.17.3/lib/celluloid/io/tcp_server.rb:30:in `initialize'
	/home/bogdan.rada/.rvm/gems/ruby-2.4.1@celluloid_pubsub/gems/celluloid-io-0.17.3/lib/celluloid/io/socket.rb:39:in `new'
	/home/bogdan.rada/.rvm/gems/ruby-2.4.1@celluloid_pubsub/gems/celluloid-io-0.17.3/lib/celluloid/io/socket.rb:39:in `new'
	/home/bogdan.rada/.rvm/gems/ruby-2.4.1@celluloid_pubsub/gems/reel-0.6.1/lib/reel/server/https.rb:41:in `initialize'
	/home/bogdan.rada/workspace/gity/celluloid_pubsub/lib/celluloid_pubsub/servers/https.rb:39:in `initialize'
	/home/bogdan.rada/.rvm/gems/ruby-2.4.1@celluloid_pubsub/gems/celluloid-0.17.3/lib/celluloid/calls.rb:28:in `public_send'
	/home/bogdan.rada/.rvm/gems/ruby-2.4.1@celluloid_pubsub/gems/celluloid-0.17.3/lib/celluloid/calls.rb:28:in `dispatch'
	/home/bogdan.rada/.rvm/gems/ruby-2.4.1@celluloid_pubsub/gems/celluloid-0.17.3/lib/celluloid/call/sync.rb:16:in `dispatch'
	/home/bogdan.rada/.rvm/gems/ruby-2.4.1@celluloid_pubsub/gems/celluloid-0.17.3/lib/celluloid/cell.rb:50:in `block in dispatch'
	/home/bogdan.rada/.rvm/gems/ruby-2.4.1@celluloid_pubsub/gems/celluloid-0.17.3/lib/celluloid/cell.rb:76:in `block in task'
	/home/bogdan.rada/.rvm/gems/ruby-2.4.1@celluloid_pubsub/gems/celluloid-0.17.3/lib/celluloid/actor.rb:339:in `block in task'
	/home/bogdan.rada/.rvm/gems/ruby-2.4.1@celluloid_pubsub/gems/celluloid-0.17.3/lib/celluloid/task.rb:44:in `block in initialize'
	/home/bogdan.rada/.rvm/gems/ruby-2.4.1@celluloid_pubsub/gems/celluloid-0.17.3/lib/celluloid/task/fibered.rb:14:in `block in create'
	(celluloid):0:in `remote procedure call'
	/home/bogdan.rada/.rvm/gems/ruby-2.4.1@celluloid_pubsub/gems/celluloid-0.17.3/lib/celluloid/call/sync.rb:45:in `value'
	/home/bogdan.rada/.rvm/gems/ruby-2.4.1@celluloid_pubsub/gems/celluloid-0.17.3/lib/celluloid/proxy/sync.rb:22:in `method_missing'
	/home/bogdan.rada/.rvm/gems/ruby-2.4.1@celluloid_pubsub/gems/celluloid-0.17.3/lib/celluloid/proxy/cell.rb:12:in `_send_'
	/home/bogdan.rada/.rvm/gems/ruby-2.4.1@celluloid_pubsub/gems/celluloid-0.17.3/lib/celluloid.rb:207:in `new_link'
	/home/bogdan.rada/.rvm/gems/ruby-2.4.1@celluloid_pubsub/gems/celluloid-supervision-0.20.6/lib/celluloid/supervision/container/instance.rb:34:in `start'
	/home/bogdan.rada/.rvm/gems/ruby-2.4.1@celluloid_pubsub/gems/celluloid-supervision-0.20.6/lib/celluloid/supervision/container/instance.rb:57:in `restart'
	/home/bogdan.rada/.rvm/gems/ruby-2.4.1@celluloid_pubsub/gems/celluloid-supervision-0.20.6/lib/celluloid/supervision/container.rb:121:in `block in restart_actor'
	/home/bogdan.rada/.rvm/gems/ruby-2.4.1@celluloid_pubsub/gems/celluloid-0.17.3/lib/celluloid/task.rb:97:in `exclusive'
	/home/bogdan.rada/.rvm/gems/ruby-2.4.1@celluloid_pubsub/gems/celluloid-0.17.3/lib/celluloid.rb:421:in `exclusive'
	/home/bogdan.rada/.rvm/gems/ruby-2.4.1@celluloid_pubsub/gems/celluloid-supervision-0.20.6/lib/celluloid/supervision/container.rb:121:in `restart_actor'
	/home/bogdan.rada/.rvm/gems/ruby-2.4.1@celluloid_pubsub/gems/celluloid-0.17.3/lib/celluloid/cell.rb:15:in `block in call'
	/home/bogdan.rada/.rvm/gems/ruby-2.4.1@celluloid_pubsub/gems/celluloid-0.17.3/lib/celluloid/cell.rb:76:in `block in task'
	/home/bogdan.rada/.rvm/gems/ruby-2.4.1@celluloid_pubsub/gems/celluloid-0.17.3/lib/celluloid/actor.rb:339:in `block in task'
	/home/bogdan.rada/.rvm/gems/ruby-2.4.1@celluloid_pubsub/gems/celluloid-0.17.3/lib/celluloid/task.rb:44:in `block in initialize'
	/home/bogdan.rada/.rvm/gems/ruby-2.4.1@celluloid_pubsub/gems/celluloid-0.17.3/lib/celluloid/task/fibered.rb:14:in `block in create'
E, [2017-07-24T12:56:14.546227 #1446] ERROR -- : Actor crashed!
Errno::EADDRINUSE: Address already in use - bind(2) for "0.0.0.0" port 44577
	/home/bogdan.rada/.rvm/gems/ruby-2.4.1@celluloid_pubsub/gems/celluloid-io-0.17.3/lib/celluloid/io/tcp_server.rb:30:in `initialize'
	/home/bogdan.rada/.rvm/gems/ruby-2.4.1@celluloid_pubsub/gems/celluloid-io-0.17.3/lib/celluloid/io/tcp_server.rb:30:in `new'
	/home/bogdan.rada/.rvm/gems/ruby-2.4.1@celluloid_pubsub/gems/celluloid-io-0.17.3/lib/celluloid/io/tcp_server.rb:30:in `initialize'
	/home/bogdan.rada/.rvm/gems/ruby-2.4.1@celluloid_pubsub/gems/celluloid-io-0.17.3/lib/celluloid/io/socket.rb:39:in `new'
	/home/bogdan.rada/.rvm/gems/ruby-2.4.1@celluloid_pubsub/gems/celluloid-io-0.17.3/lib/celluloid/io/socket.rb:39:in `new'
	/home/bogdan.rada/.rvm/gems/ruby-2.4.1@celluloid_pubsub/gems/reel-0.6.1/lib/reel/server/https.rb:41:in `initialize'
	/home/bogdan.rada/workspace/gity/celluloid_pubsub/lib/celluloid_pubsub/servers/https.rb:39:in `initialize'
	/home/bogdan.rada/.rvm/gems/ruby-2.4.1@celluloid_pubsub/gems/celluloid-0.17.3/lib/celluloid/calls.rb:28:in `public_send'
	/home/bogdan.rada/.rvm/gems/ruby-2.4.1@celluloid_pubsub/gems/celluloid-0.17.3/lib/celluloid/calls.rb:28:in `dispatch'
	/home/bogdan.rada/.rvm/gems/ruby-2.4.1@celluloid_pubsub/gems/celluloid-0.17.3/lib/celluloid/call/sync.rb:16:in `dispatch'
	/home/bogdan.rada/.rvm/gems/ruby-2.4.1@celluloid_pubsub/gems/celluloid-0.17.3/lib/celluloid/cell.rb:50:in `block in dispatch'
	/home/bogdan.rada/.rvm/gems/ruby-2.4.1@celluloid_pubsub/gems/celluloid-0.17.3/lib/celluloid/cell.rb:76:in `block in task'
	/home/bogdan.rada/.rvm/gems/ruby-2.4.1@celluloid_pubsub/gems/celluloid-0.17.3/lib/celluloid/actor.rb:339:in `block in task'
	/home/bogdan.rada/.rvm/gems/ruby-2.4.1@celluloid_pubsub/gems/celluloid-0.17.3/lib/celluloid/task.rb:44:in `block in initialize'
	/home/bogdan.rada/.rvm/gems/ruby-2.4.1@celluloid_pubsub/gems/celluloid-0.17.3/lib/celluloid/task/fibered.rb:14:in `block in create'
	(celluloid):0:in `remote procedure call'
	/home/bogdan.rada/.rvm/gems/ruby-2.4.1@celluloid_pubsub/gems/celluloid-0.17.3/lib/celluloid/call/sync.rb:45:in `value'
	/home/bogdan.rada/.rvm/gems/ruby-2.4.1@celluloid_pubsub/gems/celluloid-0.17.3/lib/celluloid/proxy/sync.rb:22:in `method_missing'
	/home/bogdan.rada/.rvm/gems/ruby-2.4.1@celluloid_pubsub/gems/celluloid-0.17.3/lib/celluloid/proxy/cell.rb:12:in `_send_'
	/home/bogdan.rada/.rvm/gems/ruby-2.4.1@celluloid_pubsub/gems/celluloid-0.17.3/lib/celluloid.rb:207:in `new_link'
	/home/bogdan.rada/.rvm/gems/ruby-2.4.1@celluloid_pubsub/gems/celluloid-supervision-0.20.6/lib/celluloid/supervision/container/instance.rb:34:in `start'
	/home/bogdan.rada/.rvm/gems/ruby-2.4.1@celluloid_pubsub/gems/celluloid-supervision-0.20.6/lib/celluloid/supervision/container/instance.rb:57:in `restart'
	/home/bogdan.rada/.rvm/gems/ruby-2.4.1@celluloid_pubsub/gems/celluloid-supervision-0.20.6/lib/celluloid/supervision/container.rb:121:in `block in restart_actor'
	/home/bogdan.rada/.rvm/gems/ruby-2.4.1@celluloid_pubsub/gems/celluloid-0.17.3/lib/celluloid/task.rb:97:in `exclusive'
	/home/bogdan.rada/.rvm/gems/ruby-2.4.1@celluloid_pubsub/gems/celluloid-0.17.3/lib/celluloid.rb:421:in `exclusive'
	/home/bogdan.rada/.rvm/gems/ruby-2.4.1@celluloid_pubsub/gems/celluloid-supervision-0.20.6/lib/celluloid/supervision/container.rb:121:in `restart_actor'
	/home/bogdan.rada/.rvm/gems/ruby-2.4.1@celluloid_pubsub/gems/celluloid-0.17.3/lib/celluloid/cell.rb:15:in `block in call'
	/home/bogdan.rada/.rvm/gems/ruby-2.4.1@celluloid_pubsub/gems/celluloid-0.17.3/lib/celluloid/cell.rb:76:in `block in task'
	/home/bogdan.rada/.rvm/gems/ruby-2.4.1@celluloid_pubsub/gems/celluloid-0.17.3/lib/celluloid/actor.rb:339:in `block in task'
	/home/bogdan.rada/.rvm/gems/ruby-2.4.1@celluloid_pubsub/gems/celluloid-0.17.3/lib/celluloid/task.rb:44:in `block in initialize'
	/home/bogdan.rada/.rvm/gems/ruby-2.4.1@celluloid_pubsub/gems/celluloid-0.17.3/lib/celluloid/task/fibered.rb:14:in `block in create'
